[2022-02-01 01:29:52] local.ERROR: Command "migration" is not defined.

Did you mean one of these?
    make:migration
    migrate
    migrate:fresh
    migrate:install
    migrate:refresh
    migrate:reset
    migrate:rollback
    migrate:status {"exception":"[object] (Symfony\\Component\\Console\\Exception\\CommandNotFoundException(code: 0): Command \"migration\" is not defined.

Did you mean one of these?
    make:migration
    migrate
    migrate:fresh
    migrate:install
    migrate:refresh
    migrate:reset
    migrate:rollback
    migrate:status at C:\\Users\\Nestor Emmanuel\\Documents\\GitHub\\ourwayoflearning\\laravel\\vendor\\symfony\\console\\Application.php:676)
[stacktrace]
#0 C:\\Users\\Nestor Emmanuel\\Documents\\GitHub\\ourwayoflearning\\laravel\\vendor\\symfony\\console\\Application.php(237): Symfony\\Component\\Console\\Application->find('migration')
#1 C:\\Users\\Nestor Emmanuel\\Documents\\GitHub\\ourwayoflearning\\laravel\\vendor\\symfony\\console\\Application.php(149): Symfony\\Component\\Console\\Application->doRun(Object(Symfony\\Component\\Console\\Input\\ArgvInput), Object(Symfony\\Component\\Console\\Output\\ConsoleOutput))
#2 C:\\Users\\Nestor Emmanuel\\Documents\\GitHub\\ourwayoflearning\\laravel\\vendor\\laravel\\framework\\src\\Illuminate\\Console\\Application.php(90): Symfony\\Component\\Console\\Application->run(Object(Symfony\\Component\\Console\\Input\\ArgvInput), Object(Symfony\\Component\\Console\\Output\\ConsoleOutput))
#3 C:\\Users\\Nestor Emmanuel\\Documents\\GitHub\\ourwayoflearning\\laravel\\vendor\\laravel\\framework\\src\\Illuminate\\Foundation\\Console\\Kernel.php(133): Illuminate\\Console\\Application->run(Object(Symfony\\Component\\Console\\Input\\ArgvInput), Object(Symfony\\Component\\Console\\Output\\ConsoleOutput))
#4 C:\\Users\\Nestor Emmanuel\\Documents\\GitHub\\ourwayoflearning\\laravel\\artisan(37): Illuminate\\Foundation\\Console\\Kernel->handle(Object(Symfony\\Component\\Console\\Input\\ArgvInput), Object(Symfony\\Component\\Console\\Output\\ConsoleOutput))
#5 {main}
"} 
[2022-02-01 01:30:01] local.ERROR: Command "migrations" is not defined. {"exception":"[object] (Symfony\\Component\\Console\\Exception\\CommandNotFoundException(code: 0): Command \"migrations\" is not defined. at C:\\Users\\Nestor Emmanuel\\Documents\\GitHub\\ourwayoflearning\\laravel\\vendor\\symfony\\console\\Application.php:676)
[stacktrace]
#0 C:\\Users\\Nestor Emmanuel\\Documents\\GitHub\\ourwayoflearning\\laravel\\vendor\\symfony\\console\\Application.php(237): Symfony\\Component\\Console\\Application->find('migrations')
#1 C:\\Users\\Nestor Emmanuel\\Documents\\GitHub\\ourwayoflearning\\laravel\\vendor\\symfony\\console\\Application.php(149): Symfony\\Component\\Console\\Application->doRun(Object(Symfony\\Component\\Console\\Input\\ArgvInput), Object(Symfony\\Component\\Console\\Output\\ConsoleOutput))
#2 C:\\Users\\Nestor Emmanuel\\Documents\\GitHub\\ourwayoflearning\\laravel\\vendor\\laravel\\framework\\src\\Illuminate\\Console\\Application.php(90): Symfony\\Component\\Console\\Application->run(Object(Symfony\\Component\\Console\\Input\\ArgvInput), Object(Symfony\\Component\\Console\\Output\\ConsoleOutput))
#3 C:\\Users\\Nestor Emmanuel\\Documents\\GitHub\\ourwayoflearning\\laravel\\vendor\\laravel\\framework\\src\\Illuminate\\Foundation\\Console\\Kernel.php(133): Illuminate\\Console\\Application->run(Object(Symfony\\Component\\Console\\Input\\ArgvInput), Object(Symfony\\Component\\Console\\Output\\ConsoleOutput))
#4 C:\\Users\\Nestor Emmanuel\\Documents\\GitHub\\ourwayoflearning\\laravel\\artisan(37): Illuminate\\Foundation\\Console\\Kernel->handle(Object(Symfony\\Component\\Console\\Input\\ArgvInput), Object(Symfony\\Component\\Console\\Output\\ConsoleOutput))
#5 {main}
"} 
[2022-02-01 01:30:22] local.ERROR: Not enough arguments (missing: "name"). {"exception":"[object] (Symfony\\Component\\Console\\Exception\\RuntimeException(code: 0): Not enough arguments (missing: \"name\"). at C:\\Users\\Nestor Emmanuel\\Documents\\GitHub\\ourwayoflearning\\laravel\\vendor\\symfony\\console\\Input\\Input.php:76)
[stacktrace]
#0 C:\\Users\\Nestor Emmanuel\\Documents\\GitHub\\ourwayoflearning\\laravel\\vendor\\symfony\\console\\Command\\Command.php(250): Symfony\\Component\\Console\\Input\\Input->validate()
#1 C:\\Users\\Nestor Emmanuel\\Documents\\GitHub\\ourwayoflearning\\laravel\\vendor\\laravel\\framework\\src\\Illuminate\\Console\\Command.php(170): Symfony\\Component\\Console\\Command\\Command->run(Object(Symfony\\Component\\Console\\Input\\ArgvInput), Object(Illuminate\\Console\\OutputStyle))
#2 C:\\Users\\Nestor Emmanuel\\Documents\\GitHub\\ourwayoflearning\\laravel\\vendor\\symfony\\console\\Application.php(1009): Illuminate\\Console\\Command->run(Object(Symfony\\Component\\Console\\Input\\ArgvInput), Object(Symfony\\Component\\Console\\Output\\ConsoleOutput))
#3 C:\\Users\\Nestor Emmanuel\\Documents\\GitHub\\ourwayoflearning\\laravel\\vendor\\symfony\\console\\Application.php(273): Symfony\\Component\\Console\\Application->doRunCommand(Object(Illuminate\\Database\\Console\\Migrations\\MigrateMakeCommand), Object(Symfony\\Component\\Console\\Input\\ArgvInput), Object(Symfony\\Component\\Console\\Output\\ConsoleOutput))
#4 C:\\Users\\Nestor Emmanuel\\Documents\\GitHub\\ourwayoflearning\\laravel\\vendor\\symfony\\console\\Application.php(149): Symfony\\Component\\Console\\Application->doRun(Object(Symfony\\Component\\Console\\Input\\ArgvInput), Object(Symfony\\Component\\Console\\Output\\ConsoleOutput))
#5 C:\\Users\\Nestor Emmanuel\\Documents\\GitHub\\ourwayoflearning\\laravel\\vendor\\laravel\\framework\\src\\Illuminate\\Console\\Application.php(90): Symfony\\Component\\Console\\Application->run(Object(Symfony\\Component\\Console\\Input\\ArgvInput), Object(Symfony\\Component\\Console\\Output\\ConsoleOutput))
#6 C:\\Users\\Nestor Emmanuel\\Documents\\GitHub\\ourwayoflearning\\laravel\\vendor\\laravel\\framework\\src\\Illuminate\\Foundation\\Console\\Kernel.php(133): Illuminate\\Console\\Application->run(Object(Symfony\\Component\\Console\\Input\\ArgvInput), Object(Symfony\\Component\\Console\\Output\\ConsoleOutput))
#7 C:\\Users\\Nestor Emmanuel\\Documents\\GitHub\\ourwayoflearning\\laravel\\artisan(37): Illuminate\\Foundation\\Console\\Kernel->handle(Object(Symfony\\Component\\Console\\Input\\ArgvInput), Object(Symfony\\Component\\Console\\Output\\ConsoleOutput))
#8 {main}
"} 
[2022-02-01 01:30:54] local.ERROR: Command "migration" is not defined.

Did you mean one of these?
    make:migration
    migrate
    migrate:fresh
    migrate:install
    migrate:refresh
    migrate:reset
    migrate:rollback
    migrate:status {"exception":"[object] (Symfony\\Component\\Console\\Exception\\CommandNotFoundException(code: 0): Command \"migration\" is not defined.

Did you mean one of these?
    make:migration
    migrate
    migrate:fresh
    migrate:install
    migrate:refresh
    migrate:reset
    migrate:rollback
    migrate:status at C:\\Users\\Nestor Emmanuel\\Documents\\GitHub\\ourwayoflearning\\laravel\\vendor\\symfony\\console\\Application.php:676)
[stacktrace]
#0 C:\\Users\\Nestor Emmanuel\\Documents\\GitHub\\ourwayoflearning\\laravel\\vendor\\symfony\\console\\Application.php(237): Symfony\\Component\\Console\\Application->find('migration')
#1 C:\\Users\\Nestor Emmanuel\\Documents\\GitHub\\ourwayoflearning\\laravel\\vendor\\symfony\\console\\Application.php(149): Symfony\\Component\\Console\\Application->doRun(Object(Symfony\\Component\\Console\\Input\\ArgvInput), Object(Symfony\\Component\\Console\\Output\\ConsoleOutput))
#2 C:\\Users\\Nestor Emmanuel\\Documents\\GitHub\\ourwayoflearning\\laravel\\vendor\\laravel\\framework\\src\\Illuminate\\Console\\Application.php(90): Symfony\\Component\\Console\\Application->run(Object(Symfony\\Component\\Console\\Input\\ArgvInput), Object(Symfony\\Component\\Console\\Output\\ConsoleOutput))
#3 C:\\Users\\Nestor Emmanuel\\Documents\\GitHub\\ourwayoflearning\\laravel\\vendor\\laravel\\framework\\src\\Illuminate\\Foundation\\Console\\Kernel.php(133): Illuminate\\Console\\Application->run(Object(Symfony\\Component\\Console\\Input\\ArgvInput), Object(Symfony\\Component\\Console\\Output\\ConsoleOutput))
#4 C:\\Users\\Nestor Emmanuel\\Documents\\GitHub\\ourwayoflearning\\laravel\\artisan(37): Illuminate\\Foundation\\Console\\Kernel->handle(Object(Symfony\\Component\\Console\\Input\\ArgvInput), Object(Symfony\\Component\\Console\\Output\\ConsoleOutput))
#5 {main}
"} 
